<?xml version="1.0" encoding="UTF-8"?>
<!-- Generated by org.testng.reporters.JUnitReportReporter -->
<testsuite skipped="0" hostname="Raju" name="com.rajubanking.testCases.TC_LoginTest_001" tests="1" failures="0" timestamp="2020-10-16T19:06:51 IST" time="9.004" errors="0">
  <testcase name="loginTest" time="9.004" classname="com.rajubanking.testCases.TC_LoginTest_001"/>
  <system-out/>
</testsuite> <!-- com.rajubanking.testCases.TC_LoginTest_001 -->
